Supabase client initialized
[info] [requeueWorker] started
Serving frontend from C:\Users\jogod\crm-backend\frontend\dist
­ƒÜÇ Backend rodando na porta 3000
node : [warn] 
[requeueWorker] 
error fetching 
messages column 
messages.status does 
not exist
No linha:1 
caractere:1
+ node 
backend/serve.js 
2>&1 | Out-File 
-FilePath server.log 
-Encoding  ...
+ ~~~~~~~~~~~~~~~~~~~
~~~~~~~
    + CategoryInfo   
           : NotSpe  
  cified: ([warn]    
 [requeue... does    
 not exist:Strin    
g) [], RemoteExc    
eption
    + FullyQualified 
   ErrorId : Native  
  CommandError
 
[warn] 
[requeueWorker] 
stopping worker due 
to missing DB schema 
(messages.status)
[info] [requeueWorker] stopped
